[INFO] Scanning for projects...
[INFO] 
[INFO] --------------------< com.caballito:juegodcaballos >--------------------
[INFO] Building juegodcaballos 0.0.1-SNAPSHOT
[INFO]   from pom.xml
[INFO] --------------------------------[ jar ]---------------------------------
[INFO] 
[INFO] >>> spring-boot:3.5.11:run (default-cli) > test-compile @ juegodcaballos >>>
[INFO] 
[INFO] --- resources:3.3.1:resources (default-resources) @ juegodcaballos ---
[INFO] Copying 1 resource from src\main\resources to target\classes
[INFO] Copying 2 resources from src\main\resources to target\classes
[INFO] 
[INFO] --- compiler:3.14.1:compile (default-compile) @ juegodcaballos ---
[INFO] Nothing to compile - all classes are up to date.
[INFO] 
[INFO] --- resources:3.3.1:testResources (default-testResources) @ juegodcaballos ---
[INFO] skip non existing resourceDirectory C:\Users\alejo\IdeaProjects\juegodcaballos\src\test\resources
[INFO] 
[INFO] --- compiler:3.14.1:testCompile (default-testCompile) @ juegodcaballos ---
[INFO] Nothing to compile - all classes are up to date.
[INFO] 
[INFO] <<< spring-boot:3.5.11:run (default-cli) < test-compile @ juegodcaballos <<<
[INFO] 
[INFO] 
[INFO] --- spring-boot:3.5.11:run (default-cli) @ juegodcaballos ---
[INFO] Attaching agents: []

  .   ____          _            __ _ _
 /\\ / ___'_ __ _ _(_)_ __  __ _ \ \ \ \
( ( )\___ | '_ | '_| | '_ \/ _` | \ \ \ \
 \\/  ___)| |_)| | | | | || (_| |  ) ) ) )
  '  |____| .__|_| |_|_| |_\__, | / / / /
 =========|_|==============|___/=/_/_/_/

 :: Spring Boot ::               (v3.5.11)

2026-03-03T17:13:09.922-05:00  INFO 18980 --- [juegodcaballos] [  restartedMain] c.c.j.JuegodcaballosApplication          : Starting JuegodcaballosApplication using Java 17.0.18 with PID 18980 (C:\Users\alejo\IdeaProjects\juegodcaballos\target\classes started by alejo in C:\Users\alejo\IdeaProjects\juegodcaballos)
2026-03-03T17:13:09.926-05:00  INFO 18980 --- [juegodcaballos] [  restartedMain] c.c.j.JuegodcaballosApplication          : No active profile set, falling back to 1 default profile: "default"
2026-03-03T17:13:10.002-05:00  INFO 18980 --- [juegodcaballos] [  restartedMain] .e.DevToolsPropertyDefaultsPostProcessor : Devtools property defaults active! Set 'spring.devtools.add-properties' to 'false' to disable
2026-03-03T17:13:10.003-05:00  INFO 18980 --- [juegodcaballos] [  restartedMain] .e.DevToolsPropertyDefaultsPostProcessor : For additional web related logging consider setting the 'logging.level.web' property to 'DEBUG'
2026-03-03T17:13:11.477-05:00  INFO 18980 --- [juegodcaballos] [  restartedMain] o.s.b.w.embedded.tomcat.TomcatWebServer  : Tomcat initialized with port 8080 (http)
2026-03-03T17:13:11.499-05:00  INFO 18980 --- [juegodcaballos] [  restartedMain] o.apache.catalina.core.StandardService   : Starting service [Tomcat]
2026-03-03T17:13:11.499-05:00  INFO 18980 --- [juegodcaballos] [  restartedMain] o.apache.catalina.core.StandardEngine    : Starting Servlet engine: [Apache Tomcat/10.1.52]
2026-03-03T17:13:11.573-05:00  INFO 18980 --- [juegodcaballos] [  restartedMain] o.a.c.c.C.[Tomcat].[localhost].[/]       : Initializing Spring embedded WebApplicationContext
2026-03-03T17:13:11.576-05:00  INFO 18980 --- [juegodcaballos] [  restartedMain] w.s.c.ServletWebServerApplicationContext : Root WebApplicationContext: initialization completed in 1569 ms
2026-03-03T17:13:11.782-05:00  INFO 18980 --- [juegodcaballos] [  restartedMain] o.s.b.a.w.s.WelcomePageHandlerMapping    : Adding welcome page template: index
2026-03-03T17:13:12.267-05:00  INFO 18980 --- [juegodcaballos] [  restartedMain] o.s.b.d.a.OptionalLiveReloadServer       : LiveReload server is running on port 35729
2026-03-03T17:13:12.337-05:00  INFO 18980 --- [juegodcaballos] [  restartedMain] o.s.b.w.embedded.tomcat.TomcatWebServer  : Tomcat started on port 8080 (http) with context path '/'
2026-03-03T17:13:12.356-05:00  INFO 18980 --- [juegodcaballos] [  restartedMain] c.c.j.JuegodcaballosApplication          : Started JuegodcaballosApplication in 3.128 seconds (process running for 3.714)
2026-03-03T17:13:12.695-05:00  INFO 18980 --- [juegodcaballos] [nio-8080-exec-1] o.a.c.c.C.[Tomcat].[localhost].[/]       : Initializing Spring DispatcherServlet 'dispatcherServlet'
2026-03-03T17:13:12.695-05:00  INFO 18980 --- [juegodcaballos] [nio-8080-exec-1] o.s.web.servlet.DispatcherServlet        : Initializing Servlet 'dispatcherServlet'
2026-03-03T17:13:12.696-05:00  INFO 18980 --- [juegodcaballos] [nio-8080-exec-1] o.s.web.servlet.DispatcherServlet        : Completed initialization in 1 ms
2026-03-03T17:19:47.004-05:00  INFO 18980 --- [juegodcaballos] [ionShutdownHook] o.s.b.w.e.tomcat.GracefulShutdown        : Commencing graceful shutdown. Waiting for active requests to complete
2026-03-03T17:19:47.581-05:00  INFO 18980 --- [juegodcaballos] [tomcat-shutdown] o.s.b.w.e.tomcat.GracefulShutdown        : Graceful shutdown complete
[INFO] ------------------------------------------------------------------------
[INFO] BUILD SUCCESS
[INFO] ------------------------------------------------------------------------
[INFO] Total time:  06:42 min
[INFO] Finished at: 2026-03-03T17:19:47-05:00
[INFO] ------------------------------------------------------------------------
